
oscilloscope.elf:     file format elf32-littlearm
oscilloscope.elf
architecture: arm, flags 0x00000112:
EXEC_P, HAS_SYMS, D_PAGED
start address 0x08000000

Program Header:
    LOAD off    0x00010000 vaddr 0x08000000 paddr 0x08000000 align 2**16
         filesz 0x00000424 memsz 0x00000424 flags r-x
    LOAD off    0x00020000 vaddr 0x20000000 paddr 0x08000424 align 2**16
         filesz 0x00000000 memsz 0x000007d0 flags rw-
    LOAD off    0x000107d0 vaddr 0x200007d0 paddr 0x08000424 align 2**16
         filesz 0x00000000 memsz 0x00000400 flags rw-
private flags = 5000200: [Version5 EABI] [soft-float ABI]

Sections:
Idx Name          Size      VMA       LMA       File off  Algn  Flags
  0 .text         00000424  08000000  08000000  00010000  2**2  CONTENTS, ALLOC, LOAD, READONLY, CODE
  1 .data         00000000  20000000  20000000  00010424  2**0  CONTENTS, ALLOC, LOAD, DATA
  2 .bss          000007d0  20000000  08000424  00020000  2**2  ALLOC
  3 .stack        00000400  200007d0  08000424  000107d0  2**0  ALLOC
  4 .comment      0000007f  00000000  00000000  00010424  2**0  CONTENTS, READONLY
  5 .ARM.attributes 00000031  00000000  00000000  000104a3  2**0  CONTENTS, READONLY
SYMBOL TABLE:
08000000 l    d  .text	00000000 .text
20000000 l    d  .data	00000000 .data
20000000 l    d  .bss	00000000 .bss
200007d0 l    d  .stack	00000000 .stack
00000000 l    d  .comment	00000000 .comment
00000000 l    d  .ARM.attributes	00000000 .ARM.attributes
00000000 l    df *ABS*	00000000 
08000130 l     F .text	00000030 NVIC_EnableIRQ
08000420 l     O .text	00000003 messages
20000000 l     O .bss	000007d0 samples
08000160 l     F .text	000000dc main
0800023c l     F .text	0000001e wait
0800025c l     F .text	00000028 ADC1_2_IRQHandler
08000284 l     F .text	00000064 USART1_IRQHandler
080002e8 l     F .text	00000130 Reset_Handler
08000000 l     O .text	00000130 g_pfnVectors
08000418 l     F .text	00000006 MemManage_Handler
08000418 l     F .text	00000006 BusFault_Handler
08000418 l     F .text	00000006 UsageFault_Handler
08000418 l     F .text	00000006 SVC_Handler
08000418 l     F .text	00000006 DebugMon_Handler
08000418 l     F .text	00000006 PendSV_Handler
08000418 l     F .text	00000006 SysTick_Handler
08000418 l     F .text	00000006 WWDG_IRQHandler
08000418 l     F .text	00000006 PVD_IRQHandler
08000418 l     F .text	00000006 TAMPER_IRQHandler
08000418 l     F .text	00000006 RTC_IRQHandler
08000418 l     F .text	00000006 FLASH_IRQHandler
08000418 l     F .text	00000006 RCC_IRQHandler
08000418 l     F .text	00000006 EXTI0_IRQHandler
08000418 l     F .text	00000006 EXTI1_IRQHandler
08000418 l     F .text	00000006 EXTI2_IRQHandler
08000418 l     F .text	00000006 EXTI3_IRQHandler
08000418 l     F .text	00000006 EXTI4_IRQHandler
08000418 l     F .text	00000006 DMA1_Channel1_IRQHandler
08000418 l     F .text	00000006 DMA1_Channel2_IRQHandler
08000418 l     F .text	00000006 DMA1_Channel3_IRQHandler
08000418 l     F .text	00000006 DMA1_Channel4_IRQHandler
08000418 l     F .text	00000006 DMA1_Channel5_IRQHandler
08000418 l     F .text	00000006 DMA1_Channel6_IRQHandler
08000418 l     F .text	00000006 DMA1_Channel7_IRQHandler
08000418 l     F .text	00000006 USB_HP_CAN1_TX_IRQHandler
08000418 l     F .text	00000006 USB_LP_CAN1_RX0_IRQHandler
08000418 l     F .text	00000006 CAN1_RX1_IRQHandler
08000418 l     F .text	00000006 CAN1_SCE_IRQHandler
08000418 l     F .text	00000006 EXTI9_5_IRQHandler
08000418 l     F .text	00000006 TIM1_BRK_IRQHandler
08000418 l     F .text	00000006 TIM1_UP_IRQHandler
08000418 l     F .text	00000006 TIM1_TRG_COM_IRQHandler
08000418 l     F .text	00000006 TIM1_CC_IRQHandler
08000418 l     F .text	00000006 TIM2_IRQHandler
08000418 l     F .text	00000006 TIM3_IRQHandler
08000418 l     F .text	00000006 TIM4_IRQHandler
08000418 l     F .text	00000006 I2C1_EV_IRQHandler
08000418 l     F .text	00000006 I2C1_ER_IRQHandler
08000418 l     F .text	00000006 I2C2_EV_IRQHandler
08000418 l     F .text	00000006 I2C2_ER_IRQHandler
08000418 l     F .text	00000006 SPI1_IRQHandler
08000418 l     F .text	00000006 SPI2_IRQHandler
08000418 l     F .text	00000006 USART2_IRQHandler
08000418 l     F .text	00000006 USART3_IRQHandler
08000418 l     F .text	00000006 EXTI15_10_IRQHandler
08000418 l     F .text	00000006 RTCAlarm_IRQHandler
08000418 l     F .text	00000006 USBWakeUp_IRQHandler
08000418 l     F .text	00000006 TIM8_BRK_IRQHandler
08000418 l     F .text	00000006 TIM8_UP_IRQHandler
08000418 l     F .text	00000006 TIM8_TRG_COM_IRQHandler
08000418 l     F .text	00000006 TIM8_CC_IRQHandler
08000418 l     F .text	00000006 ADC3_IRQHandler
08000418 l     F .text	00000006 FSMC_IRQHandler
08000418 l     F .text	00000006 SDIO_IRQHandler
08000418 l     F .text	00000006 TIM5_IRQHandler
08000418 l     F .text	00000006 SPI3_IRQHandler
08000418 l     F .text	00000006 UART4_IRQHandler
08000418 l     F .text	00000006 UART5_IRQHandler
08000418 l     F .text	00000006 TIM6_IRQHandler
08000418 l     F .text	00000006 TIM7_IRQHandler
08000418 l     F .text	00000006 DMA2_Channel1_IRQHandler
08000418 l     F .text	00000006 DMA2_Channel2_IRQHandler
08000418 l     F .text	00000006 DMA2_Channel3_IRQHandler
08000418 l     F .text	00000006 DMA2_Channel4_5_IRQHandler
08000418 l     F .text	00000006 Default_Handler
00000400 g       *ABS*	00000000 STACK_SIZE
00000000 g       .text	00000000 _isr_vectors_offs
08000424 g       .text	00000000 _sidata
08000424 g       .text	00000000 _etext
20000000 g       .bss	00000000 _sbss
20000000 g       .data	00000000 _sdata
200007d0 g       .bss	00000000 _ebss
20004c00 g       *ABS*	00000000 _sstack
20005000 g       .text	00000000 _estack
20000000 g       .data	00000000 _edata



Disassembly of section .text:

08000000 <g_pfnVectors>:
 8000000:	00 50 00 20 e9 02 00 08 00 00 00 00 00 00 00 00     .P. ............
 8000010:	19 04 00 08 19 04 00 08 19 04 00 08 00 00 00 00     ................
	...
 800002c:	19 04 00 08 19 04 00 08 00 00 00 00 19 04 00 08     ................
 800003c:	19 04 00 08 19 04 00 08 19 04 00 08 19 04 00 08     ................
 800004c:	19 04 00 08 19 04 00 08 19 04 00 08 19 04 00 08     ................
 800005c:	19 04 00 08 19 04 00 08 19 04 00 08 19 04 00 08     ................
 800006c:	19 04 00 08 19 04 00 08 19 04 00 08 19 04 00 08     ................
 800007c:	19 04 00 08 19 04 00 08 19 04 00 08 5d 02 00 08     ............]...
 800008c:	19 04 00 08 19 04 00 08 19 04 00 08 19 04 00 08     ................
 800009c:	19 04 00 08 19 04 00 08 19 04 00 08 19 04 00 08     ................
 80000ac:	19 04 00 08 19 04 00 08 19 04 00 08 19 04 00 08     ................
 80000bc:	19 04 00 08 19 04 00 08 19 04 00 08 19 04 00 08     ................
 80000cc:	19 04 00 08 19 04 00 08 85 02 00 08 19 04 00 08     ................
 80000dc:	19 04 00 08 19 04 00 08 19 04 00 08 19 04 00 08     ................
 80000ec:	19 04 00 08 19 04 00 08 19 04 00 08 19 04 00 08     ................
 80000fc:	19 04 00 08 19 04 00 08 19 04 00 08 19 04 00 08     ................
 800010c:	19 04 00 08 19 04 00 08 19 04 00 08 19 04 00 08     ................
 800011c:	19 04 00 08 19 04 00 08 19 04 00 08 19 04 00 08     ................
 800012c:	19 04 00 08                                         ....

08000130 <NVIC_EnableIRQ>:
NVIC_EnableIRQ():
 8000130:	b480      	push	{r7}
 8000132:	b083      	sub	sp, #12
 8000134:	af00      	add	r7, sp, #0
 8000136:	4603      	mov	r3, r0
 8000138:	71fb      	strb	r3, [r7, #7]
 800013a:	4908      	ldr	r1, [pc, #32]	; (800015c <NVIC_EnableIRQ+0x2c>)
 800013c:	f997 3007 	ldrsb.w	r3, [r7, #7]
 8000140:	095b      	lsrs	r3, r3, #5
 8000142:	79fa      	ldrb	r2, [r7, #7]
 8000144:	f002 021f 	and.w	r2, r2, #31
 8000148:	2001      	movs	r0, #1
 800014a:	fa00 f202 	lsl.w	r2, r0, r2
 800014e:	f841 2023 	str.w	r2, [r1, r3, lsl #2]
 8000152:	370c      	adds	r7, #12
 8000154:	46bd      	mov	sp, r7
 8000156:	bc80      	pop	{r7}
 8000158:	4770      	bx	lr
 800015a:	bf00      	nop
 800015c:	e000e100 	.word	0xe000e100

08000160 <main>:
main():
 8000160:	b580      	push	{r7, lr}
 8000162:	af00      	add	r7, sp, #0
 8000164:	4b26      	ldr	r3, [pc, #152]	; (8000200 <main+0xa0>)
 8000166:	f244 620d 	movw	r2, #17933	; 0x460d
 800016a:	619a      	str	r2, [r3, #24]
 800016c:	4b25      	ldr	r3, [pc, #148]	; (8000204 <main+0xa4>)
 800016e:	4a26      	ldr	r2, [pc, #152]	; (8000208 <main+0xa8>)
 8000170:	605a      	str	r2, [r3, #4]
 8000172:	4b26      	ldr	r3, [pc, #152]	; (800020c <main+0xac>)
 8000174:	4a26      	ldr	r2, [pc, #152]	; (8000210 <main+0xb0>)
 8000176:	601a      	str	r2, [r3, #0]
 8000178:	4b26      	ldr	r3, [pc, #152]	; (8000214 <main+0xb4>)
 800017a:	f242 022c 	movw	r2, #8236	; 0x202c
 800017e:	819a      	strh	r2, [r3, #12]
 8000180:	4b24      	ldr	r3, [pc, #144]	; (8000214 <main+0xb4>)
 8000182:	f241 62c9 	movw	r2, #5833	; 0x16c9
 8000186:	811a      	strh	r2, [r3, #8]
 8000188:	4b23      	ldr	r3, [pc, #140]	; (8000218 <main+0xb8>)
 800018a:	f643 22a1 	movw	r2, #15009	; 0x3aa1
 800018e:	601a      	str	r2, [r3, #0]
 8000190:	4b21      	ldr	r3, [pc, #132]	; (8000218 <main+0xb8>)
 8000192:	4a22      	ldr	r2, [pc, #136]	; (800021c <main+0xbc>)
 8000194:	60da      	str	r2, [r3, #12]
 8000196:	4b20      	ldr	r3, [pc, #128]	; (8000218 <main+0xb8>)
 8000198:	4a21      	ldr	r2, [pc, #132]	; (8000220 <main+0xc0>)
 800019a:	609a      	str	r2, [r3, #8]
 800019c:	4b1e      	ldr	r3, [pc, #120]	; (8000218 <main+0xb8>)
 800019e:	f44f 72fa 	mov.w	r2, #500	; 0x1f4
 80001a2:	605a      	str	r2, [r3, #4]
 80001a4:	4b1f      	ldr	r3, [pc, #124]	; (8000224 <main+0xc4>)
 80001a6:	2201      	movs	r2, #1
 80001a8:	609a      	str	r2, [r3, #8]
 80001aa:	4b1f      	ldr	r3, [pc, #124]	; (8000228 <main+0xc8>)
 80001ac:	2201      	movs	r2, #1
 80001ae:	609a      	str	r2, [r3, #8]
 80001b0:	4b1c      	ldr	r3, [pc, #112]	; (8000224 <main+0xc4>)
 80001b2:	2208      	movs	r2, #8
 80001b4:	635a      	str	r2, [r3, #52]	; 0x34
 80001b6:	4b1c      	ldr	r3, [pc, #112]	; (8000228 <main+0xc8>)
 80001b8:	2208      	movs	r2, #8
 80001ba:	635a      	str	r2, [r3, #52]	; 0x34
 80001bc:	4b19      	ldr	r3, [pc, #100]	; (8000224 <main+0xc4>)
 80001be:	4a1b      	ldr	r2, [pc, #108]	; (800022c <main+0xcc>)
 80001c0:	605a      	str	r2, [r3, #4]
 80001c2:	4b19      	ldr	r3, [pc, #100]	; (8000228 <main+0xc8>)
 80001c4:	4a1a      	ldr	r2, [pc, #104]	; (8000230 <main+0xd0>)
 80001c6:	605a      	str	r2, [r3, #4]
 80001c8:	4a16      	ldr	r2, [pc, #88]	; (8000224 <main+0xc4>)
 80001ca:	4917      	ldr	r1, [pc, #92]	; (8000228 <main+0xc8>)
 80001cc:	f240 73ff 	movw	r3, #2047	; 0x7ff
 80001d0:	624b      	str	r3, [r1, #36]	; 0x24
 80001d2:	6253      	str	r3, [r2, #36]	; 0x24
 80001d4:	2014      	movs	r0, #20
 80001d6:	f000 f831 	bl	800023c <wait>
 80001da:	4b12      	ldr	r3, [pc, #72]	; (8000224 <main+0xc4>)
 80001dc:	4a15      	ldr	r2, [pc, #84]	; (8000234 <main+0xd4>)
 80001de:	609a      	str	r2, [r3, #8]
 80001e0:	4b11      	ldr	r3, [pc, #68]	; (8000228 <main+0xc8>)
 80001e2:	4a14      	ldr	r2, [pc, #80]	; (8000234 <main+0xd4>)
 80001e4:	609a      	str	r2, [r3, #8]
 80001e6:	2014      	movs	r0, #20
 80001e8:	f000 f828 	bl	800023c <wait>
 80001ec:	4b0d      	ldr	r3, [pc, #52]	; (8000224 <main+0xc4>)
 80001ee:	4a12      	ldr	r2, [pc, #72]	; (8000238 <main+0xd8>)
 80001f0:	609a      	str	r2, [r3, #8]
 80001f2:	2025      	movs	r0, #37	; 0x25
 80001f4:	f7ff ff9c 	bl	8000130 <NVIC_EnableIRQ>
 80001f8:	2012      	movs	r0, #18
 80001fa:	f7ff ff99 	bl	8000130 <NVIC_EnableIRQ>
 80001fe:	e7fe      	b.n	80001fe <main+0x9e>
 8000200:	40021000 	.word	0x40021000
 8000204:	40010800 	.word	0x40010800
 8000208:	444444b4 	.word	0x444444b4
 800020c:	40010c00 	.word	0x40010c00
 8000210:	44444440 	.word	0x44444440
 8000214:	40013800 	.word	0x40013800
 8000218:	40020008 	.word	0x40020008
 800021c:	20000000 	.word	0x20000000
 8000220:	4001244c 	.word	0x4001244c
 8000224:	40012400 	.word	0x40012400
 8000228:	40012800 	.word	0x40012800
 800022c:	00870040 	.word	0x00870040
 8000230:	00800040 	.word	0x00800040
 8000234:	001e0107 	.word	0x001e0107
 8000238:	005e0103 	.word	0x005e0103

0800023c <wait>:
wait():
 800023c:	b480      	push	{r7}
 800023e:	b083      	sub	sp, #12
 8000240:	af00      	add	r7, sp, #0
 8000242:	6078      	str	r0, [r7, #4]
 8000244:	e002      	b.n	800024c <wait+0x10>
 8000246:	687b      	ldr	r3, [r7, #4]
 8000248:	3b01      	subs	r3, #1
 800024a:	607b      	str	r3, [r7, #4]
 800024c:	687b      	ldr	r3, [r7, #4]
 800024e:	2b00      	cmp	r3, #0
 8000250:	d1f9      	bne.n	8000246 <wait+0xa>
 8000252:	370c      	adds	r7, #12
 8000254:	46bd      	mov	sp, r7
 8000256:	bc80      	pop	{r7}
 8000258:	4770      	bx	lr
 800025a:	Address 0x0800025a is out of bounds.


0800025c <ADC1_2_IRQHandler>:
ADC1_2_IRQHandler():
 800025c:	b480      	push	{r7}
 800025e:	af00      	add	r7, sp, #0
 8000260:	4a06      	ldr	r2, [pc, #24]	; (800027c <ADC1_2_IRQHandler+0x20>)
 8000262:	4907      	ldr	r1, [pc, #28]	; (8000280 <ADC1_2_IRQHandler+0x24>)
 8000264:	f640 73ff 	movw	r3, #4095	; 0xfff
 8000268:	624b      	str	r3, [r1, #36]	; 0x24
 800026a:	6253      	str	r3, [r2, #36]	; 0x24
 800026c:	4a03      	ldr	r2, [pc, #12]	; (800027c <ADC1_2_IRQHandler+0x20>)
 800026e:	4904      	ldr	r1, [pc, #16]	; (8000280 <ADC1_2_IRQHandler+0x24>)
 8000270:	2300      	movs	r3, #0
 8000272:	600b      	str	r3, [r1, #0]
 8000274:	6013      	str	r3, [r2, #0]
 8000276:	46bd      	mov	sp, r7
 8000278:	bc80      	pop	{r7}
 800027a:	4770      	bx	lr
 800027c:	40012400 	.word	0x40012400
 8000280:	40012800 	.word	0x40012800

08000284 <USART1_IRQHandler>:
USART1_IRQHandler():
 8000284:	b480      	push	{r7}
 8000286:	b083      	sub	sp, #12
 8000288:	af00      	add	r7, sp, #0
 800028a:	4b15      	ldr	r3, [pc, #84]	; (80002e0 <USART1_IRQHandler+0x5c>)
 800028c:	881b      	ldrh	r3, [r3, #0]
 800028e:	b29b      	uxth	r3, r3
 8000290:	f003 0320 	and.w	r3, r3, #32
 8000294:	2b00      	cmp	r3, #0
 8000296:	d01b      	beq.n	80002d0 <USART1_IRQHandler+0x4c>
 8000298:	4b11      	ldr	r3, [pc, #68]	; (80002e0 <USART1_IRQHandler+0x5c>)
 800029a:	889b      	ldrh	r3, [r3, #4]
 800029c:	b29b      	uxth	r3, r3
 800029e:	b2db      	uxtb	r3, r3
 80002a0:	2b74      	cmp	r3, #116	; 0x74
 80002a2:	d115      	bne.n	80002d0 <USART1_IRQHandler+0x4c>
 80002a4:	2300      	movs	r3, #0
 80002a6:	71fb      	strb	r3, [r7, #7]
 80002a8:	e00f      	b.n	80002ca <USART1_IRQHandler+0x46>
 80002aa:	4a0d      	ldr	r2, [pc, #52]	; (80002e0 <USART1_IRQHandler+0x5c>)
 80002ac:	79fb      	ldrb	r3, [r7, #7]
 80002ae:	490d      	ldr	r1, [pc, #52]	; (80002e4 <USART1_IRQHandler+0x60>)
 80002b0:	5ccb      	ldrb	r3, [r1, r3]
 80002b2:	b29b      	uxth	r3, r3
 80002b4:	8093      	strh	r3, [r2, #4]
 80002b6:	4b0a      	ldr	r3, [pc, #40]	; (80002e0 <USART1_IRQHandler+0x5c>)
 80002b8:	881b      	ldrh	r3, [r3, #0]
 80002ba:	b29b      	uxth	r3, r3
 80002bc:	f003 0380 	and.w	r3, r3, #128	; 0x80
 80002c0:	2b00      	cmp	r3, #0
 80002c2:	d0f8      	beq.n	80002b6 <USART1_IRQHandler+0x32>
 80002c4:	79fb      	ldrb	r3, [r7, #7]
 80002c6:	3301      	adds	r3, #1
 80002c8:	71fb      	strb	r3, [r7, #7]
 80002ca:	79fb      	ldrb	r3, [r7, #7]
 80002cc:	2b02      	cmp	r3, #2
 80002ce:	d9ec      	bls.n	80002aa <USART1_IRQHandler+0x26>
 80002d0:	4b03      	ldr	r3, [pc, #12]	; (80002e0 <USART1_IRQHandler+0x5c>)
 80002d2:	2200      	movs	r2, #0
 80002d4:	801a      	strh	r2, [r3, #0]
 80002d6:	370c      	adds	r7, #12
 80002d8:	46bd      	mov	sp, r7
 80002da:	bc80      	pop	{r7}
 80002dc:	4770      	bx	lr
 80002de:	bf00      	nop
 80002e0:	40013800 	.word	0x40013800
 80002e4:	08000420 	.word	0x08000420

080002e8 <Reset_Handler>:
Reset_Handler():
 80002e8:	4668      	mov	r0, sp
 80002ea:	f020 0107 	bic.w	r1, r0, #7
 80002ee:	468d      	mov	sp, r1
 80002f0:	b581      	push	{r0, r7, lr}
 80002f2:	b083      	sub	sp, #12
 80002f4:	af00      	add	r7, sp, #0
 80002f6:	4b3d      	ldr	r3, [pc, #244]	; (80003ec <Reset_Handler+0x104>)
 80002f8:	607b      	str	r3, [r7, #4]
 80002fa:	4b3d      	ldr	r3, [pc, #244]	; (80003f0 <Reset_Handler+0x108>)
 80002fc:	603b      	str	r3, [r7, #0]
 80002fe:	687a      	ldr	r2, [r7, #4]
 8000300:	683b      	ldr	r3, [r7, #0]
 8000302:	429a      	cmp	r2, r3
 8000304:	d108      	bne.n	8000318 <Reset_Handler+0x30>
 8000306:	e00b      	b.n	8000320 <Reset_Handler+0x38>
 8000308:	683b      	ldr	r3, [r7, #0]
 800030a:	1d1a      	adds	r2, r3, #4
 800030c:	603a      	str	r2, [r7, #0]
 800030e:	687a      	ldr	r2, [r7, #4]
 8000310:	1d11      	adds	r1, r2, #4
 8000312:	6079      	str	r1, [r7, #4]
 8000314:	6812      	ldr	r2, [r2, #0]
 8000316:	601a      	str	r2, [r3, #0]
 8000318:	683b      	ldr	r3, [r7, #0]
 800031a:	4a36      	ldr	r2, [pc, #216]	; (80003f4 <Reset_Handler+0x10c>)
 800031c:	4293      	cmp	r3, r2
 800031e:	d3f3      	bcc.n	8000308 <Reset_Handler+0x20>
 8000320:	4b35      	ldr	r3, [pc, #212]	; (80003f8 <Reset_Handler+0x110>)
 8000322:	603b      	str	r3, [r7, #0]
 8000324:	e004      	b.n	8000330 <Reset_Handler+0x48>
 8000326:	683b      	ldr	r3, [r7, #0]
 8000328:	1d1a      	adds	r2, r3, #4
 800032a:	603a      	str	r2, [r7, #0]
 800032c:	2200      	movs	r2, #0
 800032e:	601a      	str	r2, [r3, #0]
 8000330:	683b      	ldr	r3, [r7, #0]
 8000332:	4a32      	ldr	r2, [pc, #200]	; (80003fc <Reset_Handler+0x114>)
 8000334:	4293      	cmp	r3, r2
 8000336:	d3f6      	bcc.n	8000326 <Reset_Handler+0x3e>
 8000338:	4a31      	ldr	r2, [pc, #196]	; (8000400 <Reset_Handler+0x118>)
 800033a:	4b32      	ldr	r3, [pc, #200]	; (8000404 <Reset_Handler+0x11c>)
 800033c:	f023 4368 	bic.w	r3, r3, #3892314112	; 0xe8000000
 8000340:	f023 037f 	bic.w	r3, r3, #127	; 0x7f
 8000344:	f043 6300 	orr.w	r3, r3, #134217728	; 0x8000000
 8000348:	6093      	str	r3, [r2, #8]
 800034a:	4a2f      	ldr	r2, [pc, #188]	; (8000408 <Reset_Handler+0x120>)
 800034c:	4b2e      	ldr	r3, [pc, #184]	; (8000408 <Reset_Handler+0x120>)
 800034e:	681b      	ldr	r3, [r3, #0]
 8000350:	f043 0301 	orr.w	r3, r3, #1
 8000354:	6013      	str	r3, [r2, #0]
 8000356:	492c      	ldr	r1, [pc, #176]	; (8000408 <Reset_Handler+0x120>)
 8000358:	4b2b      	ldr	r3, [pc, #172]	; (8000408 <Reset_Handler+0x120>)
 800035a:	685a      	ldr	r2, [r3, #4]
 800035c:	4b2b      	ldr	r3, [pc, #172]	; (800040c <Reset_Handler+0x124>)
 800035e:	4013      	ands	r3, r2
 8000360:	604b      	str	r3, [r1, #4]
 8000362:	4a29      	ldr	r2, [pc, #164]	; (8000408 <Reset_Handler+0x120>)
 8000364:	4b28      	ldr	r3, [pc, #160]	; (8000408 <Reset_Handler+0x120>)
 8000366:	681b      	ldr	r3, [r3, #0]
 8000368:	f023 7384 	bic.w	r3, r3, #17301504	; 0x1080000
 800036c:	f423 3380 	bic.w	r3, r3, #65536	; 0x10000
 8000370:	6013      	str	r3, [r2, #0]
 8000372:	4a25      	ldr	r2, [pc, #148]	; (8000408 <Reset_Handler+0x120>)
 8000374:	4b24      	ldr	r3, [pc, #144]	; (8000408 <Reset_Handler+0x120>)
 8000376:	681b      	ldr	r3, [r3, #0]
 8000378:	f423 2380 	bic.w	r3, r3, #262144	; 0x40000
 800037c:	6013      	str	r3, [r2, #0]
 800037e:	4b22      	ldr	r3, [pc, #136]	; (8000408 <Reset_Handler+0x120>)
 8000380:	f44f 021f 	mov.w	r2, #10420224	; 0x9f0000
 8000384:	609a      	str	r2, [r3, #8]
 8000386:	4a20      	ldr	r2, [pc, #128]	; (8000408 <Reset_Handler+0x120>)
 8000388:	4b1f      	ldr	r3, [pc, #124]	; (8000408 <Reset_Handler+0x120>)
 800038a:	681b      	ldr	r3, [r3, #0]
 800038c:	f443 3380 	orr.w	r3, r3, #65536	; 0x10000
 8000390:	6013      	str	r3, [r2, #0]
 8000392:	4b1d      	ldr	r3, [pc, #116]	; (8000408 <Reset_Handler+0x120>)
 8000394:	681b      	ldr	r3, [r3, #0]
 8000396:	f403 3300 	and.w	r3, r3, #131072	; 0x20000
 800039a:	2b00      	cmp	r3, #0
 800039c:	d0f9      	beq.n	8000392 <Reset_Handler+0xaa>
 800039e:	4b1c      	ldr	r3, [pc, #112]	; (8000410 <Reset_Handler+0x128>)
 80003a0:	2212      	movs	r2, #18
 80003a2:	601a      	str	r2, [r3, #0]
 80003a4:	4b18      	ldr	r3, [pc, #96]	; (8000408 <Reset_Handler+0x120>)
 80003a6:	4a1b      	ldr	r2, [pc, #108]	; (8000414 <Reset_Handler+0x12c>)
 80003a8:	605a      	str	r2, [r3, #4]
 80003aa:	4a17      	ldr	r2, [pc, #92]	; (8000408 <Reset_Handler+0x120>)
 80003ac:	4b16      	ldr	r3, [pc, #88]	; (8000408 <Reset_Handler+0x120>)
 80003ae:	681b      	ldr	r3, [r3, #0]
 80003b0:	f043 7380 	orr.w	r3, r3, #16777216	; 0x1000000
 80003b4:	6013      	str	r3, [r2, #0]
 80003b6:	4b14      	ldr	r3, [pc, #80]	; (8000408 <Reset_Handler+0x120>)
 80003b8:	681b      	ldr	r3, [r3, #0]
 80003ba:	f003 7300 	and.w	r3, r3, #33554432	; 0x2000000
 80003be:	2b00      	cmp	r3, #0
 80003c0:	d0f9      	beq.n	80003b6 <Reset_Handler+0xce>
 80003c2:	4a11      	ldr	r2, [pc, #68]	; (8000408 <Reset_Handler+0x120>)
 80003c4:	4b10      	ldr	r3, [pc, #64]	; (8000408 <Reset_Handler+0x120>)
 80003c6:	685b      	ldr	r3, [r3, #4]
 80003c8:	f043 0302 	orr.w	r3, r3, #2
 80003cc:	6053      	str	r3, [r2, #4]
 80003ce:	4b0e      	ldr	r3, [pc, #56]	; (8000408 <Reset_Handler+0x120>)
 80003d0:	685b      	ldr	r3, [r3, #4]
 80003d2:	f003 030c 	and.w	r3, r3, #12
 80003d6:	2b08      	cmp	r3, #8
 80003d8:	d1f9      	bne.n	80003ce <Reset_Handler+0xe6>
 80003da:	f7ff fec1 	bl	8000160 <main>
 80003de:	370c      	adds	r7, #12
 80003e0:	46bd      	mov	sp, r7
 80003e2:	e8bd 4081 	ldmia.w	sp!, {r0, r7, lr}
 80003e6:	4685      	mov	sp, r0
 80003e8:	4770      	bx	lr
 80003ea:	bf00      	nop
 80003ec:	08000424 	.word	0x08000424
 80003f0:	20000000 	.word	0x20000000
 80003f4:	20000000 	.word	0x20000000
 80003f8:	20000000 	.word	0x20000000
 80003fc:	200007d0 	.word	0x200007d0
 8000400:	e000ed00 	.word	0xe000ed00
 8000404:	00000000 	.word	0x00000000
 8000408:	40021000 	.word	0x40021000
 800040c:	f8ff0000 	.word	0xf8ff0000
 8000410:	40022000 	.word	0x40022000
 8000414:	00154400 	.word	0x00154400

08000418 <ADC3_IRQHandler>:
Default_Handler():
 8000418:	b480      	push	{r7}
 800041a:	af00      	add	r7, sp, #0
 800041c:	e7fe      	b.n	800041c <ADC3_IRQHandler+0x4>
 800041e:	Address 0x0800041e is out of bounds.


08000420 <messages>:
 8000420:	6b6f ff21                                   ok!.
